<?xml version="1.0" encoding="UTF-8"?>
<testsuite xmlns:xsi="http://www.w3.org/2001/XMLSchema-instance" xsi:noNamespaceSchemaLocation="https://maven.apache.org/surefire/maven-surefire-plugin/xsd/surefire-test-report-3.0.xsd" version="3.0" name="StepDefinitions.TestRunner_RunWithBackground_Test10" time="0.185" tests="4" errors="0" skipped="0" failures="0">
  <properties>
[...]
</properties>
  <testcase name="Sample 1" classname="feature to demo tags" time="0.017">
    <system-out><![CDATA[
@smoke
Scenario: Sample 1 # src/test/resources/FeaturesWithTags/Tags.feature:4
]]></system-out>
  </testcase>
  <testcase name="Sample 2" classname="feature to demo tags" time="0.004">
    <system-out><![CDATA[
@regression
Scenario: Sample 2 # src/test/resources/FeaturesWithTags/Tags.feature:11
]]></system-out>
  </testcase>
  <testcase name="Sample 3" classname="feature to demo tags" time="0.008">
    <system-out><![CDATA[
@smoke @regression
Scenario: Sample 3 # src/test/resources/FeaturesWithTags/Tags.feature:18
]]></system-out>
  </testcase>
  <testcase name="Sample 4" classname="feature to demo tags" time="0.005">
    <system-out><![CDATA[
@important
Scenario: Sample 4 # src/test/resources/FeaturesWithTags/Tags.feature:25
]]></system-out>
  </testcase>
</testsuite>